# JRE version: OpenJDK Runtime Environment (8.0_152-b06) (build 1.8.0_152-release-1136-b06)
# Java VM: OpenJDK 64-Bit Server VM (25.152-b06 mixed mode windows-amd64 compressed oops)
Heap:
 PSYoungGen      total 232960K, used 29958K [0x00000000e0000000, 0x00000000f1000000, 0x0000000100000000)
  eden space 195584K, 0% used [0x00000000e0000000,0x00000000e0000000,0x00000000ebf00000)
  from space 37376K, 80% used [0x00000000eeb80000,0x00000000f08c1840,0x00000000f1000000)
  to   space 41472K, 0% used [0x00000000ebf00000,0x00000000ebf00000,0x00000000ee780000)
 ParOldGen       total 135168K, used 67825K [0x00000000a0000000, 0x00000000a8400000, 0x00000000e0000000)
  object space 135168K, 50% used [0x00000000a0000000,0x00000000a423c660,0x00000000a8400000)
 Metaspace       used 94409K, capacity 98190K, committed 98280K, reserved 1134592K
  class space    used 11802K, capacity 12629K, committed 12672K, reserved 1048576K
GC Heap History (10 events):
Event: 2081.907 GC heap after
Heap after GC invocations=33 (full 3):
 PSYoungGen      total 245760K, used 10722K [0x00000000e0000000, 0x00000000f2c00000, 0x0000000100000000)
  eden space 224256K, 0% used [0x00000000e0000000,0x00000000e0000000,0x00000000edb00000)
  from space 21504K, 49% used [0x00000000f1700000,0x00000000f2178ac0,0x00000000f2c00000)
  to   space 41472K, 0% used [0x00000000edb00000,0x00000000edb00000,0x00000000f0380000)
 ParOldGen       total 135168K, used 67793K [0x00000000a0000000, 0x00000000a8400000, 0x00000000e0000000)
  object space 135168K, 50% used [0x00000000a0000000,0x00000000a4234660,0x00000000a8400000)
 Metaspace       used 79171K, capacity 82146K, committed 82392K, reserved 1120256K
  class space    used 9934K, capacity 10639K, committed 10752K, reserved 1048576K
}
Event: 2092.757 GC heap before
{Heap before GC invocations=34 (full 3):
 PSYoungGen      total 245760K, used 234978K [0x00000000e0000000, 0x00000000f2c00000, 0x0000000100000000)
  eden space 224256K, 100% used [0x00000000e0000000,0x00000000edb00000,0x00000000edb00000)
  from space 21504K, 49% used [0x00000000f1700000,0x00000000f2178ac0,0x00000000f2c00000)
  to   space 41472K, 0% used [0x00000000edb00000,0x00000000edb00000,0x00000000f0380000)
 ParOldGen       total 135168K, used 67793K [0x00000000a0000000, 0x00000000a8400000, 0x00000000e0000000)
  object space 135168K, 50% used [0x00000000a0000000,0x00000000a4234660,0x00000000a8400000)
 Metaspace       used 84825K, capacity 87810K, committed 88024K, reserved 1126400K
  class space    used 10549K, capacity 11247K, committed 11264K, reserved 1048576K
Event: 2092.795 GC heap after
Heap after GC invocations=34 (full 3):
 PSYoungGen      total 237568K, used 20681K [0x00000000e0000000, 0x00000000f2280000, 0x0000000100000000)
  eden space 216576K, 0% used [0x00000000e0000000,0x00000000e0000000,0x00000000ed380000)
  from space 20992K, 98% used [0x00000000edb00000,0x00000000eef32580,0x00000000eef80000)
  to   space 40448K, 0% used [0x00000000efb00000,0x00000000efb00000,0x00000000f2280000)
 ParOldGen       total 135168K, used 67801K [0x00000000a0000000, 0x00000000a8400000, 0x00000000e0000000)
  object space 135168K, 50% used [0x00000000a0000000,0x00000000a4236660,0x00000000a8400000)
 Metaspace       used 84825K, capacity 87810K, committed 88024K, reserved 1126400K
  class space    used 10549K, capacity 11247K, committed 11264K, reserved 1048576K
}
Event: 2094.168 GC heap before
{Heap before GC invocations=35 (full 3):
 PSYoungGen      total 237568K, used 236772K [0x00000000e0000000, 0x00000000f2280000, 0x0000000100000000)
  eden space 216576K, 99% used [0x00000000e0000000,0x00000000ed306da0,0x00000000ed380000)
  from space 20992K, 98% used [0x00000000edb00000,0x00000000eef32580,0x00000000eef80000)
  to   space 40448K, 0% used [0x00000000efb00000,0x00000000efb00000,0x00000000f2280000)
 ParOldGen       total 135168K, used 67801K [0x00000000a0000000, 0x00000000a8400000, 0x00000000e0000000)
  object space 135168K, 50% used [0x00000000a0000000,0x00000000a4236660,0x00000000a8400000)
 Metaspace       used 85818K, capacity 88894K, committed 89048K, reserved 1126400K
  class space    used 10702K, capacity 11413K, committed 11520K, reserved 1048576K
Event: 2094.199 GC heap after
Heap after GC invocations=35 (full 3):
 PSYoungGen      total 240640K, used 20415K [0x00000000e0000000, 0x00000000f1980000, 0x0000000100000000)
  eden space 209408K, 0% used [0x00000000e0000000,0x00000000e0000000,0x00000000ecc80000)
  from space 31232K, 65% used [0x00000000efb00000,0x00000000f0eefeb8,0x00000000f1980000)
  to   space 39424K, 0% used [0x00000000ecc80000,0x00000000ecc80000,0x00000000ef300000)
 ParOldGen       total 135168K, used 67809K [0x00000000a0000000, 0x00000000a8400000, 0x00000000e0000000)
  object space 135168K, 50% used [0x00000000a0000000,0x00000000a4238660,0x00000000a8400000)
 Metaspace       used 85818K, capacity 88894K, committed 89048K, reserved 1126400K
  class space    used 10702K, capacity 11413K, committed 11520K, reserved 1048576K
}
Event: 2100.137 GC heap before
{Heap before GC invocations=36 (full 3):
 PSYoungGen      total 240640K, used 229823K [0x00000000e0000000, 0x00000000f1980000, 0x0000000100000000)
  eden space 209408K, 100% used [0x00000000e0000000,0x00000000ecc80000,0x00000000ecc80000)
  from space 31232K, 65% used [0x00000000efb00000,0x00000000f0eefeb8,0x00000000f1980000)
  to   space 39424K, 0% used [0x00000000ecc80000,0x00000000ecc80000,0x00000000ef300000)
 ParOldGen       total 135168K, used 67809K [0x00000000a0000000, 0x00000000a8400000, 0x00000000e0000000)
  object space 135168K, 50% used [0x00000000a0000000,0x00000000a4238660,0x00000000a8400000)
 Metaspace       used 86539K, capacity 89794K, committed 89944K, reserved 1128448K
  class space    used 10811K, capacity 11569K, committed 11648K, reserved 1048576K
Event: 2100.176 GC heap after
Heap after GC invocations=36 (full 3):
 PSYoungGen      total 225280K, used 22692K [0x00000000e0000000, 0x00000000f1180000, 0x0000000100000000)
  eden space 202240K, 0% used [0x00000000e0000000,0x00000000e0000000,0x00000000ec580000)
  from space 23040K, 98% used [0x00000000ecc80000,0x00000000ee2a9398,0x00000000ee300000)
  to   space 38912K, 0% used [0x00000000eeb80000,0x00000000eeb80000,0x00000000f1180000)
 ParOldGen       total 135168K, used 67817K [0x00000000a0000000, 0x00000000a8400000, 0x00000000e0000000)
  object space 135168K, 50% used [0x00000000a0000000,0x00000000a423a660,0x00000000a8400000)
 Metaspace       used 86539K, capacity 89794K, committed 89944K, reserved 1128448K
  class space    used 10811K, capacity 11569K, committed 11648K, reserved 1048576K
}
Event: 2105.678 GC heap before
{Heap before GC invocations=37 (full 3):
 PSYoungGen      total 225280K, used 175379K [0x00000000e0000000, 0x00000000f1180000, 0x0000000100000000)
  eden space 202240K, 75% used [0x00000000e0000000,0x00000000e951b930,0x00000000ec580000)
  from space 23040K, 98% used [0x00000000ecc80000,0x00000000ee2a9398,0x00000000ee300000)
  to   space 38912K, 0% used [0x00000000eeb80000,0x00000000eeb80000,0x00000000f1180000)
 ParOldGen       total 135168K, used 67817K [0x00000000a0000000, 0x00000000a8400000, 0x00000000e0000000)
  object space 135168K, 50% used [0x00000000a0000000,0x00000000a423a660,0x00000000a8400000)
 Metaspace       used 94409K, capacity 98190K, committed 98280K, reserved 1134592K
  class space    used 11802K, capacity 12629K, committed 12672K, reserved 1048576K
Event: 2105.715 GC heap after
Heap after GC invocations=37 (full 3):
 PSYoungGen      total 232960K, used 29958K [0x00000000e0000000, 0x00000000f1000000, 0x0000000100000000)
  eden space 195584K, 0% used [0x00000000e0000000,0x00000000e0000000,0x00000000ebf00000)
  from space 37376K, 80% used [0x00000000eeb80000,0x00000000f08c1840,0x00000000f1000000)
  to   space 41472K, 0% used [0x00000000ebf00000,0x00000000ebf00000,0x00000000ee780000)
 ParOldGen       total 135168K, used 67825K [0x00000000a0000000, 0x00000000a8400000, 0x00000000e0000000)
  object space 135168K, 50% used [0x00000000a0000000,0x00000000a423c660,0x00000000a8400000)
 Metaspace       used 94409K, capacity 98190K, committed 98280K, reserved 1134592K
  class space    used 11802K, capacity 12629K, committed 12672K, reserved 1048576K
}
Event: 2105.715 GC heap before
{Heap before GC invocations=38 (full 4):
 PSYoungGen      total 232960K, used 29958K [0x00000000e0000000, 0x00000000f1000000, 0x0000000100000000)
  eden space 195584K, 0% used [0x00000000e0000000,0x00000000e0000000,0x00000000ebf00000)
  from space 37376K, 80% used [0x00000000eeb80000,0x00000000f08c1840,0x00000000f1000000)
  to   space 41472K, 0% used [0x00000000ebf00000,0x00000000ebf00000,0x00000000ee780000)
 ParOldGen       total 135168K, used 67825K [0x00000000a0000000, 0x00000000a8400000, 0x00000000e0000000)
  object space 135168K, 50% used [0x00000000a0000000,0x00000000a423c660,0x00000000a8400000)
 Metaspace       used 94409K, capacity 98190K, committed 98280K, reserved 1134592K
  class space    used 11802K, capacity 12629K, committed 12672K, reserved 1048576K

